This is pdfTeX, Version 3.14159265-2.6-1.40.20 (TeX Live 2019) (preloaded format=pdflatex 2019.5.7)  3 SEP 2019 11:52
entering extended mode
 restricted \write18 enabled.
 file:line:error style messages enabled.
 %&-line parsing enabled.
**/Users/mackaber/Tesis/Tesis/MIT-MasterThesis
(/Users/mackaber/Tesis/Tesis/MIT-MasterThesis.tex
LaTeX2e <2018-12-01>
(/usr/local/texlive/2019basic/texmf-dist/tex/latex/base/report.cls
Document Class: report 2018/09/03 v1.4i Standard LaTeX document class
(/usr/local/texlive/2019basic/texmf-dist/tex/latex/base/size12.clo
File: size12.clo 2018/09/03 v1.4i Standard LaTeX file (size option)
)
\c@part=\count80
\c@chapter=\count81
\c@section=\count82
\c@subsection=\count83
\c@subsubsection=\count84
\c@paragraph=\count85
\c@subparagraph=\count86
\c@figure=\count87
\c@table=\count88
\abovecaptionskip=\skip41
\belowcaptionskip=\skip42
\bibindent=\dimen102
) (./phdThesisFormat.sty
******************************************************
** Style file for the Master Thesis in
** Master of Science in Intelligent Systems
** Prepared by: Luis Marcelo Fernandez Carrasco
** Updated by: Jos\IeC {\'e} Carlos Ortiz Bayliss
** Overleaf template by: Carl W. Handlin
** Center for Intelligent Systems
** ITESM - Monterrey Campus
** Version 1.2 - Feb 2015
******************************************************
(/usr/local/texlive/2019basic/texmf-dist/tex/latex/setspace/setspace.sty
Package: setspace 2011/12/19 v6.7a set line spacing
) (/usr/local/texlive/2019basic/texmf-dist/tex/generic/oberdiek/ifpdf.sty
Package: ifpdf 2018/09/07 v3.3 Provides the ifpdf switch
) (/usr/local/texlive/2019basic/texmf-dist/tex/latex/graphics/graphicx.sty
Package: graphicx 2017/06/01 v1.1a Enhanced LaTeX Graphics (DPC,SPQR)
 (/usr/local/texlive/2019basic/texmf-dist/tex/latex/graphics/keyval.sty
Package: keyval 2014/10/28 v1.15 key=value parser (DPC)
\KV@toks@=\toks14
) (/usr/local/texlive/2019basic/texmf-dist/tex/latex/graphics/graphics.sty
Package: graphics 2017/06/25 v1.2c Standard LaTeX Graphics (DPC,SPQR)
 (/usr/local/texlive/2019basic/texmf-dist/tex/latex/graphics/trig.sty
Package: trig 2016/01/03 v1.10 sin cos tan (DPC)
) (/usr/local/texlive/2019basic/texmf-dist/tex/latex/graphics-cfg/graphics.cfg
File: graphics.cfg 2016/06/04 v1.11 sample graphics configuration
)
Package graphics Info: Driver file: pdftex.def on input line 99.
 (/usr/local/texlive/2019basic/texmf-dist/tex/latex/graphics-def/pdftex.def
File: pdftex.def 2018/01/08 v1.0l Graphics/color driver for pdftex
))
\Gin@req@height=\dimen103
\Gin@req@width=\dimen104
)) (/usr/local/texlive/2019basic/texmf-dist/tex/latex/psnfss/times.sty
Package: times 2005/04/12 PSNFSS-v9.2a (SPQR) 
) (/usr/local/texlive/2019basic/texmf-dist/tex/generic/babel/babel.sty
Package: babel 2019/04/03 3.29 The Babel package
 (/usr/local/texlive/2019basic/texmf-dist/tex/generic/babel/switch.def
File: switch.def 2019/04/03 3.29 Babel switching mechanism
) (/usr/local/texlive/2019basic/texmf-dist/tex/generic/babel-english/english.ldf
Language: english 2017/06/06 v3.3r English support from the babel system
 (/usr/local/texlive/2019basic/texmf-dist/tex/generic/babel/babel.def
File: babel.def 2019/04/03 3.29 Babel common definitions
\babel@savecnt=\count89
\U@D=\dimen105
 (/usr/local/texlive/2019basic/texmf-dist/tex/generic/babel/txtbabel.def)
\bbl@dirlevel=\count90
)
\l@canadian = a dialect from \language\l@american 
\l@australian = a dialect from \language\l@british 
\l@newzealand = a dialect from \language\l@british 
)) (/usr/local/texlive/2019basic/texmf-dist/tex/latex/base/inputenc.sty
Package: inputenc 2018/08/11 v1.3c Input encoding file
\inpenc@prehook=\toks15
\inpenc@posthook=\toks16
) (/usr/local/texlive/2019basic/texmf-dist/tex/latex/algorithms/algorithm.sty
Package: algorithm 2009/08/24 v0.1 Document Style `algorithm' - floating environment
 (/usr/local/texlive/2019basic/texmf-dist/tex/latex/float/float.sty
Package: float 2001/11/08 v1.3d Float enhancements (AL)
\c@float@type=\count91
\float@exts=\toks17
\float@box=\box27
\@float@everytoks=\toks18
\@floatcapt=\box28
) (/usr/local/texlive/2019basic/texmf-dist/tex/latex/base/ifthen.sty
Package: ifthen 2014/09/29 v1.1c Standard LaTeX ifthen package (DPC)
)
\@float@every@algorithm=\toks19
\c@algorithm=\count92
) (/usr/local/texlive/2019basic/texmf-dist/tex/latex/algorithmicx/algpseudocode.sty
Package: algpseudocode 
 (/usr/local/texlive/2019basic/texmf-dist/tex/latex/algorithmicx/algorithmicx.sty
Package: algorithmicx 2005/04/27 v1.2 Algorithmicx

Document Style algorithmicx 1.2 - a greatly improved `algorithmic' style
\c@ALG@line=\count93
\c@ALG@rem=\count94
\c@ALG@nested=\count95
\ALG@tlm=\skip43
\ALG@thistlm=\skip44
\c@ALG@Lnr=\count96
\c@ALG@blocknr=\count97
\c@ALG@storecount=\count98
\c@ALG@tmpcounter=\count99
\ALG@tmplength=\skip45
)
Document Style - pseudocode environments for use with the `algorithmicx' style
) (/usr/local/texlive/2019basic/texmf-dist/tex/latex/amsmath/amsmath.sty
Package: amsmath 2018/12/01 v2.17b AMS math features
\@mathmargin=\skip46

For additional information on amsmath, use the `?' option.
(/usr/local/texlive/2019basic/texmf-dist/tex/latex/amsmath/amstext.sty
Package: amstext 2000/06/29 v2.01 AMS text
 (/usr/local/texlive/2019basic/texmf-dist/tex/latex/amsmath/amsgen.sty
File: amsgen.sty 1999/11/30 v2.0 generic functions
\@emptytoks=\toks20
\ex@=\dimen106
)) (/usr/local/texlive/2019basic/texmf-dist/tex/latex/amsmath/amsbsy.sty
Package: amsbsy 1999/11/29 v1.2d Bold Symbols
\pmbraise@=\dimen107
) (/usr/local/texlive/2019basic/texmf-dist/tex/latex/amsmath/amsopn.sty
Package: amsopn 2016/03/08 v2.02 operator names
)
\inf@bad=\count100
LaTeX Info: Redefining \frac on input line 223.
\uproot@=\count101
\leftroot@=\count102
LaTeX Info: Redefining \overline on input line 385.
\classnum@=\count103
\DOTSCASE@=\count104
LaTeX Info: Redefining \ldots on input line 482.
LaTeX Info: Redefining \dots on input line 485.
LaTeX Info: Redefining \cdots on input line 606.
\Mathstrutbox@=\box29
\strutbox@=\box30
\big@size=\dimen108
LaTeX Font Info:    Redeclaring font encoding OML on input line 729.
LaTeX Font Info:    Redeclaring font encoding OMS on input line 730.
\macc@depth=\count105
\c@MaxMatrixCols=\count106
\dotsspace@=\muskip10
\c@parentequation=\count107
\dspbrk@lvl=\count108
\tag@help=\toks21
\row@=\count109
\column@=\count110
\maxfields@=\count111
\andhelp@=\toks22
\eqnshift@=\dimen109
\alignsep@=\dimen110
\tagshift@=\dimen111
\tagwidth@=\dimen112
\totwidth@=\dimen113
\lineht@=\dimen114
\@envbody=\toks23
\multlinegap=\skip47
\multlinetaggap=\skip48
\mathdisplay@stack=\toks24
LaTeX Info: Redefining \[ on input line 2844.
LaTeX Info: Redefining \] on input line 2845.
) (/usr/local/texlive/2019basic/texmf-dist/tex/latex/url/url.sty
\Urlmuskip=\muskip11
Package: url 2013/09/16  ver 3.4  Verb mode for urls, etc.
) (/usr/local/texlive/2019basic/texmf-dist/tex/latex/amsfonts/amsfonts.sty
Package: amsfonts 2013/01/14 v3.01 Basic AMSFonts support
\symAMSa=\mathgroup4
\symAMSb=\mathgroup5
LaTeX Font Info:    Overwriting math alphabet `\mathfrak' in version `bold'
(Font)                  U/euf/m/n --> U/euf/b/n on input line 106.
)
No file MIT-MasterThesis.aux.
\openout1 = `MIT-MasterThesis.aux'.

LaTeX Font Info:    Checking defaults for OML/cmm/m/it on input line 52.
LaTeX Font Info:    ... okay on input line 52.
LaTeX Font Info:    Checking defaults for T1/cmr/m/n on input line 52.
LaTeX Font Info:    ... okay on input line 52.
LaTeX Font Info:    Checking defaults for OT1/cmr/m/n on input line 52.
LaTeX Font Info:    ... okay on input line 52.
LaTeX Font Info:    Checking defaults for OMS/cmsy/m/n on input line 52.
LaTeX Font Info:    ... okay on input line 52.
LaTeX Font Info:    Checking defaults for OMX/cmex/m/n on input line 52.
LaTeX Font Info:    ... okay on input line 52.
LaTeX Font Info:    Checking defaults for U/cmr/m/n on input line 52.
LaTeX Font Info:    ... okay on input line 52.
LaTeX Font Info:    Try loading font information for OT1+ptm on input line 52.
(/usr/local/texlive/2019basic/texmf-dist/tex/latex/psnfss/ot1ptm.fd
File: ot1ptm.fd 2001/06/04 font definitions for OT1/ptm.
) (/usr/local/texlive/2019basic/texmf-dist/tex/context/base/mkii/supp-pdf.mkii
[Loading MPS to PDF converter (version 2006.09.02).]
\scratchcounter=\count112
\scratchdimen=\dimen115
\scratchbox=\box31
\nofMPsegments=\count113
\nofMParguments=\count114
\everyMPshowfont=\toks25
\MPscratchCnt=\count115
\MPscratchDim=\dimen116
\MPnumerator=\count116
\makeMPintoPDFobject=\count117
\everyMPtoPDFconversion=\toks26
) (/usr/local/texlive/2019basic/texmf-dist/tex/latex/oberdiek/epstopdf-base.sty
Package: epstopdf-base 2016/05/15 v2.6 Base part for package epstopdf
 (/usr/local/texlive/2019basic/texmf-dist/tex/generic/oberdiek/infwarerr.sty
Package: infwarerr 2016/05/16 v1.4 Providing info/warning/error messages (HO)
) (/usr/local/texlive/2019basic/texmf-dist/tex/latex/oberdiek/grfext.sty
Package: grfext 2016/05/16 v1.2 Manage graphics extensions (HO)
 (/usr/local/texlive/2019basic/texmf-dist/tex/generic/oberdiek/kvdefinekeys.sty
Package: kvdefinekeys 2016/05/16 v1.4 Define keys (HO)
 (/usr/local/texlive/2019basic/texmf-dist/tex/generic/oberdiek/ltxcmds.sty
Package: ltxcmds 2016/05/16 v1.23 LaTeX kernel commands for general use (HO)
))) (/usr/local/texlive/2019basic/texmf-dist/tex/latex/oberdiek/kvoptions.sty
Package: kvoptions 2016/05/16 v3.12 Key value format for package options (HO)
 (/usr/local/texlive/2019basic/texmf-dist/tex/generic/oberdiek/kvsetkeys.sty
Package: kvsetkeys 2016/05/16 v1.17 Key value parser (HO)
 (/usr/local/texlive/2019basic/texmf-dist/tex/generic/oberdiek/etexcmds.sty
Package: etexcmds 2016/05/16 v1.6 Avoid name clashes with e-TeX commands (HO)
 (/usr/local/texlive/2019basic/texmf-dist/tex/generic/oberdiek/ifluatex.sty
Package: ifluatex 2016/05/16 v1.4 Provides the ifluatex switch (HO)
Package ifluatex Info: LuaTeX not detected.
)))) (/usr/local/texlive/2019basic/texmf-dist/tex/generic/oberdiek/pdftexcmds.sty
Package: pdftexcmds 2018/09/10 v0.29 Utility functions of pdfTeX for LuaTeX (HO)
Package pdftexcmds Info: LuaTeX not detected.
Package pdftexcmds Info: \pdf@primitive is available.
Package pdftexcmds Info: \pdf@ifprimitive is available.
Package pdftexcmds Info: \pdfdraftmode found.
)
Package epstopdf-base Info: Redefining graphics rule for `.eps' on input line 438.
Package grfext Info: Graphics extension search list:
(grfext)             [.pdf,.png,.jpg,.mps,.jpeg,.jbig2,.jb2,.PDF,.PNG,.JPG,.JPEG,.JBIG2,.JB2,.eps]
(grfext)             \AppendGraphicsExtensions on input line 456.
 (/usr/local/texlive/2019basic/texmf-dist/tex/latex/latexconfig/epstopdf-sys.cfg
File: epstopdf-sys.cfg 2010/07/13 v1.3 Configuration of (r)epstopdf for TeX Live
))
<./images/escudo-itesm.png, id=1, 60.5478pt x 28.04076pt>
File: ./images/escudo-itesm.png Graphic file (type png)
<use ./images/escudo-itesm.png>
Package pdftex.def Info: ./images/escudo-itesm.png  used on input line 56.
(pdftex.def)             Requested size: 256.0748pt x 118.62479pt.
LaTeX Font Info:    Font shape `OT1/ptm/bx/n' in size <12> not available
(Font)              Font shape `OT1/ptm/b/n' tried instead on input line 56.
LaTeX Font Info:    Font shape `OT1/ptm/bx/n' in size <14.4> not available
(Font)              Font shape `OT1/ptm/b/n' tried instead on input line 56.
 [1

{/usr/local/texlive/2019basic/texmf-var/fonts/map/pdftex/updmap/pdftex.map} <./images/escudo-itesm.png>] [1]
LaTeX Font Info:    Font shape `OT1/ptm/bx/n' in size <20.74> not available
(Font)              Font shape `OT1/ptm/b/n' tried instead on input line 58.
LaTeX Font Info:    Try loading font information for OMS+ptm on input line 58.
 (/usr/local/texlive/2019basic/texmf-dist/tex/latex/psnfss/omsptm.fd
File: omsptm.fd 
)
LaTeX Font Info:    Font shape `OMS/ptm/m/n' in size <12> not available
(Font)              Font shape `OMS/cmsy/m/n' tried instead on input line 58.

Underfull \hbox (badness 10000) in paragraph at lines 58--58

 []

[2] (./dedicationFile.tex) [3] (./acknowledgementFile.tex) [4]
LaTeX Font Info:    Font shape `OT1/ptm/bx/n' in size <17.28> not available
(Font)              Font shape `OT1/ptm/b/n' tried instead on input line 61.
 (./abstractFile.tex) [5]
LaTeX Font Info:    Font shape `OT1/ptm/bx/n' in size <24.88> not available
(Font)              Font shape `OT1/ptm/b/n' tried instead on input line 62.

No file MIT-MasterThesis.lof.
\tf@lof=\write3
\openout3 = `MIT-MasterThesis.lof'.

[6

]
No file MIT-MasterThesis.lot.
\tf@lot=\write4
\openout4 = `MIT-MasterThesis.lot'.

[7

]
No file MIT-MasterThesis.toc.
\tf@toc=\write5
\openout5 = `MIT-MasterThesis.toc'.

[8

] (./Cp_1_Intro.tex
Chapter 1.

Underfull \hbox (badness 10000) in paragraph at lines 4--5

 []


Underfull \hbox (badness 10000) in paragraph at lines 6--7

 []


Underfull \hbox (badness 10000) in paragraph at lines 8--9

 []

[1

]

LaTeX Warning: Citation `greenwade93' on page 2 undefined on input line 12.


Underfull \hbox (badness 10000) in paragraph at lines 12--13

 []


Underfull \hbox (badness 10000) in paragraph at lines 14--15

 []


Underfull \hbox (badness 10000) in paragraph at lines 16--17

 []


Underfull \hbox (badness 10000) in paragraph at lines 18--19

 []

[2]
Overfull \hbox (1.23116pt too wide) in paragraph at lines 24--25
\OT1/ptm/m/n/12 El ob-je-tivo de la in-ves-ti-gaci[]on es com-parar dis-tin-tas es-trate-gias mono-objetivo y multi-objetivo
 []


Underfull \hbox (badness 10000) in paragraph at lines 24--25

 []

[3]
Underfull \hbox (badness 10000) in paragraph at lines 43--44

 []


Overfull \hbox (2.4551pt too wide) in paragraph at lines 51--52
[]\OT1/ptm/m/n/12 ?`Los mod-e-los mono-objetivo que garan-ti-zan una soluci[]on pertenecen al frente de pareto? 
 []

) (./Cp_2_Background.tex [4

]
Chapter 2.

Underfull \hbox (badness 10000) in paragraph at lines 9--10

 []


Overfull \hbox (16.87993pt too wide) in paragraph at lines 11--12
[]\OT1/ptm/m/n/12 Los al-go-rit-mos para en-con-trar un m[]^^Pnimo global com-pren-den m[]etodos ex-ac-tos y heur[]^^Psticos.
 []


Underfull \hbox (badness 10000) in paragraph at lines 11--12

 []


Underfull \hbox (badness 10000) in paragraph at lines 15--16

 []


Underfull \hbox (badness 10000) in paragraph at lines 17--18

 []

[5

]
Underfull \hbox (badness 10000) in paragraph at lines 19--20

 []


Underfull \hbox (badness 10000) in paragraph at lines 28--29

 []


Underfull \hbox (badness 10000) in paragraph at lines 30--31

 []


Underfull \hbox (badness 10000) in paragraph at lines 32--33

 []

[6]
Overfull \hbox (13.6033pt too wide) in paragraph at lines 61--62
[]\OT1/ptm/m/n/12 A con-tin-uaci[]on se de-scriben los pa-sos que ll-eva a cabo un al-go-ritmo evo-lu-tivo com[]unmente: 
 []


Underfull \hbox (badness 10000) in paragraph at lines 71--72

 []


Overfull \hbox (5.64824pt too wide) in paragraph at lines 82--83
\OT1/ptm/m/n/12 tion prob-lems, the def-i-ni-tion of this al-go-rithm is taken from [doi.org/10.1016/j.ins.2013.02.041]
 []

[7] [8]
LaTeX Font Info:    Try loading font information for U+msa on input line 114.
 (/usr/local/texlive/2019basic/texmf-dist/tex/latex/amsfonts/umsa.fd
File: umsa.fd 2013/01/14 v3.01 AMS symbols A
)
LaTeX Font Info:    Try loading font information for U+msb on input line 114.
 (/usr/local/texlive/2019basic/texmf-dist/tex/latex/amsfonts/umsb.fd
File: umsb.fd 2013/01/14 v3.01 AMS symbols B
)
Overfull \hbox (5.60052pt too wide) in paragraph at lines 126--129
\OT1/ptm/m/n/12 clas-sic vol-umes by Dixon and Szego [44, 45 (from https://link.springer.com/book/10.1007/978-
 []

[9]
Overfull \hbox (0.3439pt too wide) in paragraph at lines 140--141
\OT1/ptm/m/n/12 Climb-ing?", in Pro-ceed-ings of the 5th In-ter-na-tional Con-fer-ence on Ge-netic Al-go-rithms, 1993.] 
 []


Overfull \hbox (63.60739pt too wide) in paragraph at lines 146--147
[]\OT1/ptm/m/n/12 It is fre-quently used to have it as a com-par-i-son to GA's, ac-cord-ing to [http://papers.nips.cc/paper/1172-
 []


Overfull \hbox (25.819pt too wide) in paragraph at lines 150--151
\OT1/ptm/m/n/12 that takes an ad-van-tage by us-ing a multi-core ar-chi-tec-ture. [http://www.jamesframework.org/docs/]. 
 []

[10]
Overfull \hbox (135.22247pt too wide) in paragraph at lines 172--176
\OT1/ptm/m/n/12 and Jaszkiewicz in 1998 [5 from http://www.cmapx.polytechnique.fr/ dimo.brockhoff/publicationListFiles/twb2013a.pdf].
 []

[11]
Overfull \hbox (44.69595pt too wide) in paragraph at lines 181--182
[]\OT1/ptm/m/n/12 The first ver-sion of MOMBI was in-tro-duced in [9 of https://sci-hub.se/10.1145/2739480.2754776]
 []

[12]
Overfull \hbox (26.09601pt too wide) in paragraph at lines 212--212
[]\OT1/ptm/b/n/17.28 Comparison Be-tween Single-Objective and Multi-Objective
 []


LaTeX Warning: Citation `Jiao2017DynamicME' on page 13 undefined on input line 214.


LaTeX Warning: Citation `Jin2007-qu' on page 13 undefined on input line 214.


LaTeX Warning: Citation `Battiti2010-xo' on page 13 undefined on input line 216.


LaTeX Warning: Citation `Wang2010-zh' on page 13 undefined on input line 216.


Underfull \hbox (badness 10000) in paragraph at lines 216--217

 []


Underfull \hbox (badness 10000) in paragraph at lines 231--232

 []

[13]
Underfull \hbox (badness 10000) in paragraph at lines 233--234

 []


Underfull \hbox (badness 10000) in paragraph at lines 235--236

 []


Underfull \hbox (badness 10000) in paragraph at lines 237--238

 []

[14]
Underfull \hbox (badness 10000) in paragraph at lines 250--251

 []


LaTeX Warning: Citation `VinciarelliUnderstandingCorpus' on page 15 undefined on input line 268.


LaTeX Warning: Citation `benne_sheats' on page 15 undefined on input line 268.

[15] [16]
<./images/ontology.png, id=92, 1542.76375pt x 330.23375pt>
File: ./images/ontology.png Graphic file (type png)
<use ./images/ontology.png>
Package pdftex.def Info: ./images/ontology.png  used on input line 297.
(pdftex.def)             Requested size: 426.79134pt x 91.35623pt.
 [17]) (./Cp_3_Methodology.tex [18 <./images/ontology.png>]
Chapter 3.

./Cp_3_Methodology.tex:15: LaTeX Error: Unknown float option `d'.

See the LaTeX manual or LaTeX Companion for explanation.
Type  H <return>  for immediate help.
 ...                                              
                                                  
l.15 \begin{figure}[dataset]
                            
Option `d' ignored and `p' used.


./Cp_3_Methodology.tex:15: LaTeX Error: Unknown float option `a'.

See the LaTeX manual or LaTeX Companion for explanation.
Type  H <return>  for immediate help.
 ...                                              
                                                  
l.15 \begin{figure}[dataset]
                            
Option `a' ignored and `p' used.


./Cp_3_Methodology.tex:15: LaTeX Error: Unknown float option `a'.

See the LaTeX manual or LaTeX Companion for explanation.
Type  H <return>  for immediate help.
 ...                                              
                                                  
l.15 \begin{figure}[dataset]
                            
Option `a' ignored and `p' used.


./Cp_3_Methodology.tex:15: LaTeX Error: Unknown float option `s'.

See the LaTeX manual or LaTeX Companion for explanation.
Type  H <return>  for immediate help.
 ...                                              
                                                  
l.15 \begin{figure}[dataset]
                            
Option `s' ignored and `p' used.


./Cp_3_Methodology.tex:15: LaTeX Error: Unknown float option `e'.

See the LaTeX manual or LaTeX Companion for explanation.
Type  H <return>  for immediate help.
 ...                                              
                                                  
l.15 \begin{figure}[dataset]
                            
Option `e' ignored and `p' used.

<images/dataset_eg.png, id=100, 678.535pt x 312.16624pt>
File: images/dataset_eg.png Graphic file (type png)
<use images/dataset_eg.png>
Package pdftex.def Info: images/dataset_eg.png  used on input line 19.
(pdftex.def)             Requested size: 678.53334pt x 312.16548pt.

Overfull \hbox (258.90524pt too wide) in paragraph at lines 19--20
[][] 
 []

[19

]

LaTeX Warning: Reference `eq_group_size' on page 20 undefined on input line 30.


LaTeX Warning: Reference `eq_nivel' on page 20 undefined on input line 38.

[20 <./images/dataset_eg.png>]

LaTeX Warning: Citation `taxonomy_semantic_similarity' on page 21 undefined on input line 46.


LaTeX Warning: Reference `fig:interests_table' on page 21 undefined on input line 46.


LaTeX Warning: Reference `fig:interests_vector' on page 21 undefined on input line 46.


Underfull \hbox (badness 10000) in paragraph at lines 46--47

 []

<./images/interests_table.png, id=108, 785.93625pt x 176.66pt>
File: ./images/interests_table.png Graphic file (type png)
<use ./images/interests_table.png>
Package pdftex.def Info: ./images/interests_table.png  used on input line 51.
(pdftex.def)             Requested size: 426.79134pt x 95.9341pt.
<./images/interests_vector.png, id=109, 915.42pt x 45.16875pt>
File: ./images/interests_vector.png Graphic file (type png)
<use ./images/interests_vector.png>
Package pdftex.def Info: ./images/interests_vector.png  used on input line 59.
(pdftex.def)             Requested size: 426.79134pt x 21.05838pt.

LaTeX Warning: Reference `eq_cos_sym' on page 21 undefined on input line 64.

[21 <./images/interests_table.png> <./images/interests_vector.png>]

LaTeX Warning: Reference `alg:mutation' on page 22 undefined on input line 91.


Overfull \hbox (12.17543pt too wide) in paragraph at lines 119--120
\OT1/ptm/m/n/12 La her-ramienta de jMetal cuenta con dis-tin-tos al-go-rit-mos de crossover, y ya que es-tos []unicamente
 []

[22]) (./Cp_4_Experimental_Settings.tex
Overfull \hbox (4.48387pt too wide) in paragraph at lines 121--1
[]\OT1/ptm/m/n/12 Para la primera fase los ex-per-i-men-tos que se definieron con-sistieron en pro-bar []unicamente
 []

[23]
Chapter 4.
[24

]

LaTeX Warning: Reference `chapter:chapter02' on page 25 undefined on input line 26.


LaTeX Warning: Citation `SeyedShirkhorshidi2015AData' on page 25 undefined on input line 26.


LaTeX Warning: Citation `Sung-HyukChaComprehensiveFunctions' on page 25 undefined on input line 26.


LaTeX Warning: Reference `roles_table' on page 25 undefined on input line 35.


LaTeX Warning: Reference `weighted_function' on page 25 undefined on input line 39.

[25]
<./images/Local.png, id=130, 824.07875pt x 537.00626pt>
File: ./images/Local.png Graphic file (type png)
<use ./images/Local.png>
Package pdftex.def Info: ./images/Local.png  used on input line 60.
(pdftex.def)             Requested size: 426.79134pt x 278.11407pt.
 [26 <./images/Local.png>]
<./images/Genetic.png, id=135, 821.0675pt x 407.5225pt>
File: ./images/Genetic.png Graphic file (type png)
<use ./images/Genetic.png>
Package pdftex.def Info: ./images/Genetic.png  used on input line 71.
(pdftex.def)             Requested size: 426.79134pt x 211.82585pt.
<./images/Multi-Objective.png, id=136, 778.91pt x 360.34625pt>
File: ./images/Multi-Objective.png Graphic file (type png)
<use ./images/Multi-Objective.png>
Package pdftex.def Info: ./images/Multi-Objective.png  used on input line 84.
(pdftex.def)             Requested size: 426.79134pt x 197.44325pt.
) (./Cp_5_Experimental_Results.tex) (./Cp_6_Experimentation.tex [27 <./images/Genetic.png>] [28 <./images/Multi-Objective.png>]
Chapter 5.
[29

]
Overfull \hbox (24.17796pt too wide) in paragraph at lines 71--71
[]\OT1/ptm/b/n/17.28 Comparison be-tween Single-Objective and Multi-Objective
 []

) (./Cp_7_Observations_and_Corrections.tex) (./Cp_8_Results.tex) (./Cp_9_Conclusion.tex) (./Appendix_01.tex [30] [31]
Appendix A.
)
No file MIT-MasterThesis.bbl.
[32

] (./vitaFile.tex)
LaTeX Font Info:    Try loading font information for OT1+pcr on input line 84.
 (/usr/local/texlive/2019basic/texmf-dist/tex/latex/psnfss/ot1pcr.fd
File: ot1pcr.fd 2001/06/04 font definitions for OT1/pcr.
) [33] (./MIT-MasterThesis.aux)

LaTeX Warning: There were undefined references.


LaTeX Warning: Label(s) may have changed. Rerun to get cross-references right.

 ) 
Here is how much of TeX's memory you used:
 3730 strings out of 494060
 53125 string characters out of 6163036
 128818 words of memory out of 5000000
 7279 multiletter control sequences out of 15000+600000
 33597 words of font info for 71 fonts, out of 8000000 for 9000
 319 hyphenation exceptions out of 8191
 41i,8n,25p,2166b,301s stack positions out of 5000i,500n,10000p,200000b,80000s
{/usr/local/texlive/2019basic/texmf-dist/fonts/enc/dvips/base/8r.enc}</usr/local/texlive/2019basic/texmf-dist/fonts/type1/public/amsfonts/cm/cmex10.pfb></usr/local/texlive/2019basic/texmf-dist/fonts/type1/public/amsfonts/cm/cmmi12.pfb></usr/local/texlive/2019basic/texmf-dist/fonts/type1/public/amsfonts/cm/cmmi8.pfb></usr/local/texlive/2019basic/texmf-dist/fonts/type1/public/amsfonts/cm/cmr12.pfb></usr/local/texlive/2019basic/texmf-dist/fonts/type1/public/amsfonts/cm/cmr8.pfb></usr/local/texlive/2019basic/texmf-dist/fonts/type1/public/amsfonts/cm/cmsy10.pfb></usr/local/texlive/2019basic/texmf-dist/fonts/type1/urw/courier/ucrr8a.pfb></usr/local/texlive/2019basic/texmf-dist/fonts/type1/urw/times/utmb8a.pfb></usr/local/texlive/2019basic/texmf-dist/fonts/type1/urw/times/utmr8a.pfb></usr/local/texlive/2019basic/texmf-dist/fonts/type1/urw/times/utmr8a.pfb>
Output written on MIT-MasterThesis.pdf (42 pages, 1447122 bytes).
PDF statistics:
 199 PDF objects out of 1000 (max. 8388607)
 127 compressed objects within 2 object streams
 0 named destinations out of 1000 (max. 500000)
 41 words of extra memory for PDF output out of 10000 (max. 10000000)

